18:09:04.136 [INFO] [org.gradle.launcher.daemon.server.Daemon] start() called on daemon - DefaultDaemonContext[uid=0922bced-18af-42fc-95cb-569dbc436a14,javaHome=/Library/Java/JavaVirtualMachines/jdk1.8.0_11.jdk/Contents/Home,daemonRegistryDir=/Users/SuelenGC/HelloWorldPhoneGap/USER_HOME/.gradle/daemon,pid=81594,idleTimeout=10800000,daemonOpts=-XX:MaxPermSize=256m,-XX:+HeapDumpOnOutOfMemoryError,-Xmx1024m,-Dfile.encoding=UTF-8,-Duser.country=US,-Duser.language=en,-Duser.variant]
18:09:04.149 [DEBUG] [org.gradle.launcher.daemon.server.DaemonStateCoordinator] updating lastActivityAt to 1474405744149
18:09:04.164 [DEBUG] [org.gradle.messaging.remote.internal.inet.InetAddressFactory] Adding IP addresses for network interface awdl0
18:09:04.164 [DEBUG] [org.gradle.messaging.remote.internal.inet.InetAddressFactory] Is this a loopback interface? false
18:09:04.165 [DEBUG] [org.gradle.messaging.remote.internal.inet.InetAddressFactory] Is this a multicast interface? true
18:09:04.165 [DEBUG] [org.gradle.messaging.remote.internal.inet.InetAddressFactory] Adding remote address /fe80:0:0:0:2cc5:edff:fe7d:6ad6%awdl0
18:09:04.166 [DEBUG] [org.gradle.messaging.remote.internal.inet.InetAddressFactory] Adding remote multicast interface awdl0
18:09:04.167 [DEBUG] [org.gradle.messaging.remote.internal.inet.InetAddressFactory] Adding IP addresses for network interface en0
18:09:04.168 [DEBUG] [org.gradle.messaging.remote.internal.inet.InetAddressFactory] Is this a loopback interface? false
18:09:04.169 [DEBUG] [org.gradle.messaging.remote.internal.inet.InetAddressFactory] Is this a multicast interface? true
18:09:04.169 [DEBUG] [org.gradle.messaging.remote.internal.inet.InetAddressFactory] Adding remote address /fe80:0:0:0:6203:8ff:fea4:9cce%en0
18:09:04.170 [DEBUG] [org.gradle.messaging.remote.internal.inet.InetAddressFactory] Adding remote address /172.16.52.145
18:09:04.171 [DEBUG] [org.gradle.messaging.remote.internal.inet.InetAddressFactory] Adding remote multicast interface en0
18:09:04.171 [DEBUG] [org.gradle.messaging.remote.internal.inet.InetAddressFactory] Adding IP addresses for network interface lo0
18:09:04.172 [DEBUG] [org.gradle.messaging.remote.internal.inet.InetAddressFactory] Is this a loopback interface? true
18:09:04.173 [DEBUG] [org.gradle.messaging.remote.internal.inet.InetAddressFactory] Is this a multicast interface? true
18:09:04.173 [DEBUG] [org.gradle.messaging.remote.internal.inet.InetAddressFactory] Ignoring remote address on loopback interface /fe80:0:0:0:0:0:0:1%lo0
18:09:04.175 [DEBUG] [org.gradle.messaging.remote.internal.inet.InetAddressFactory] Adding loopback address /0:0:0:0:0:0:0:1
18:09:04.176 [DEBUG] [org.gradle.messaging.remote.internal.inet.InetAddressFactory] Adding loopback address /127.0.0.1
18:09:04.176 [DEBUG] [org.gradle.messaging.remote.internal.inet.InetAddressFactory] Adding loopback multicast interface lo0
18:09:04.182 [DEBUG] [org.gradle.messaging.remote.internal.inet.TcpIncomingConnector] Listening on [4e55254f-4c93-4afa-a1fc-d8029e0e1e26 port:64037, addresses:[/0:0:0:0:0:0:0:1, /127.0.0.1]].
18:09:04.185 [DEBUG] [org.gradle.launcher.daemon.server.Daemon] Daemon starting at: Tue Sep 20 18:09:04 BRT 2016, with address: [4e55254f-4c93-4afa-a1fc-d8029e0e1e26 port:64037, addresses:[/0:0:0:0:0:0:0:1, /127.0.0.1]]
18:09:04.186 [INFO] [org.gradle.launcher.daemon.server.DomainRegistryUpdater] Advertising the daemon address to the clients: [4e55254f-4c93-4afa-a1fc-d8029e0e1e26 port:64037, addresses:[/0:0:0:0:0:0:0:1, /127.0.0.1]]
18:09:04.187 [DEBUG] [org.gradle.launcher.daemon.server.DomainRegistryUpdater] Advertised daemon context: DefaultDaemonContext[uid=0922bced-18af-42fc-95cb-569dbc436a14,javaHome=/Library/Java/JavaVirtualMachines/jdk1.8.0_11.jdk/Contents/Home,daemonRegistryDir=/Users/SuelenGC/HelloWorldPhoneGap/USER_HOME/.gradle/daemon,pid=81594,idleTimeout=10800000,daemonOpts=-XX:MaxPermSize=256m,-XX:+HeapDumpOnOutOfMemoryError,-Xmx1024m,-Dfile.encoding=UTF-8,-Duser.country=US,-Duser.language=en,-Duser.variant]
18:09:04.188 [DEBUG] [org.gradle.launcher.daemon.registry.PersistentDaemonRegistry] Storing daemon address: [4e55254f-4c93-4afa-a1fc-d8029e0e1e26 port:64037, addresses:[/0:0:0:0:0:0:0:1, /127.0.0.1]], context: DefaultDaemonContext[uid=0922bced-18af-42fc-95cb-569dbc436a14,javaHome=/Library/Java/JavaVirtualMachines/jdk1.8.0_11.jdk/Contents/Home,daemonRegistryDir=/Users/SuelenGC/HelloWorldPhoneGap/USER_HOME/.gradle/daemon,pid=81594,idleTimeout=10800000,daemonOpts=-XX:MaxPermSize=256m,-XX:+HeapDumpOnOutOfMemoryError,-Xmx1024m,-Dfile.encoding=UTF-8,-Duser.country=US,-Duser.language=en,-Duser.variant]
18:09:04.199 [DEBUG] [org.gradle.cache.internal.DefaultFileLockManager] Waiting to acquire exclusive lock on daemon addresses registry.
18:09:04.204 [DEBUG] [org.gradle.cache.internal.DefaultFileLockManager] Lock acquired.
18:09:04.228 [DEBUG] [org.gradle.cache.internal.DefaultFileLockManager] Releasing lock on daemon addresses registry.
18:09:04.230 [LIFECYCLE] [org.gradle.launcher.daemon.server.Daemon] Daemon server started.
18:09:04.232 [DEBUG] [org.gradle.launcher.daemon.bootstrap.DaemonStartupCommunication] Completed writing the daemon greeting. Closing streams...
18:09:04.234 [DEBUG] [org.gradle.launcher.daemon.server.Daemon] requestStopOnIdleTimeout(10800000 MILLISECONDS) called on daemon
18:09:04.234 [DEBUG] [org.gradle.launcher.daemon.server.DaemonStateCoordinator] Idle timeout: waiting for daemon to stop or be idle for 10800000ms
18:09:04.236 [DEBUG] [org.gradle.launcher.daemon.server.DaemonStateCoordinator] Daemon is idle, sleeping until state change or idle timeout at Tue Sep 20 21:09:04 BRT 2016
18:09:04.243 [DEBUG] [org.gradle.messaging.remote.internal.inet.TcpIncomingConnector] Accepted connection from /127.0.0.1:64038 to /127.0.0.1:64037.
18:09:04.310 [DEBUG] [org.gradle.launcher.daemon.server.SynchronizedDispatchConnection] thread 14: received class org.gradle.launcher.daemon.protocol.Build
18:09:04.311 [DEBUG] [org.gradle.launcher.daemon.server.DefaultDaemonConnection] Received non-IO message from client: Build{id=2179318e-93a8-4088-8566-9ffa89fe77ee.1, currentDir=/Users/SuelenGC/HelloWorldPhoneGap}
18:09:04.312 [INFO] [org.gradle.launcher.daemon.server.DefaultIncomingConnectionHandler] Received command: Build{id=2179318e-93a8-4088-8566-9ffa89fe77ee.1, currentDir=/Users/SuelenGC/HelloWorldPhoneGap}.
18:09:04.312 [DEBUG] [org.gradle.launcher.daemon.server.DefaultIncomingConnectionHandler] Starting executing command: Build{id=2179318e-93a8-4088-8566-9ffa89fe77ee.1, currentDir=/Users/SuelenGC/HelloWorldPhoneGap} with connection: socket connection from /127.0.0.1:64037 to /127.0.0.1:64038.
18:09:04.324 [DEBUG] [org.gradle.launcher.daemon.server.DaemonStateCoordinator] Command execution: started DaemonCommandExecution[command = Build{id=2179318e-93a8-4088-8566-9ffa89fe77ee.1, currentDir=/Users/SuelenGC/HelloWorldPhoneGap}, connection = org.gradle.launcher.daemon.server.DefaultDaemonConnection@312b1288] after 0.0 minutes of idle
18:09:04.324 [INFO] [org.gradle.launcher.daemon.server.DomainRegistryUpdater] Marking the daemon as busy, address: [4e55254f-4c93-4afa-a1fc-d8029e0e1e26 port:64037, addresses:[/0:0:0:0:0:0:0:1, /127.0.0.1]]
18:09:04.325 [DEBUG] [org.gradle.launcher.daemon.registry.PersistentDaemonRegistry] Marking busy by address: [4e55254f-4c93-4afa-a1fc-d8029e0e1e26 port:64037, addresses:[/0:0:0:0:0:0:0:1, /127.0.0.1]]
18:09:04.328 [DEBUG] [org.gradle.cache.internal.DefaultFileLockManager] Waiting to acquire exclusive lock on daemon addresses registry.
18:09:04.329 [DEBUG] [org.gradle.cache.internal.DefaultFileLockManager] Lock acquired.
18:09:04.333 [DEBUG] [org.gradle.cache.internal.DefaultFileLockManager] Releasing lock on daemon addresses registry.
18:09:04.335 [DEBUG] [org.gradle.launcher.daemon.server.DaemonStateCoordinator] updating lastActivityAt to 1474405744335
18:09:04.336 [DEBUG] [org.gradle.launcher.daemon.server.DaemonStateCoordinator] Daemon is busy, sleeping until state changes.
18:09:04.336 [INFO] [org.gradle.launcher.daemon.server.exec.StartBuildOrRespondWithBusy] Daemon is about to start building Build{id=2179318e-93a8-4088-8566-9ffa89fe77ee.1, currentDir=/Users/SuelenGC/HelloWorldPhoneGap}. Dispatching build started information...
18:09:04.338 [DEBUG] [org.gradle.launcher.daemon.server.SynchronizedDispatchConnection] thread 16: dispatching class org.gradle.launcher.daemon.protocol.BuildStarted
18:09:04.344 [DEBUG] [org.gradle.launcher.daemon.server.exec.EstablishBuildEnvironment] Configuring env variables: {PATH=/Users/SuelenGC/.rvm/gems/ruby-2.2.2/bin:/Users/SuelenGC/.rvm/gems/ruby-2.2.2@global/bin:/Users/SuelenGC/.rvm/rubies/ruby-2.2.2/bin:/Users/SuelenGC/Library/Android/sdk/platform-tools/:/Users/SuelenGC/works/bin:/usr/local/share/npm/bin/:/usr/local/bin:/usr/local/bin:/usr/bin:/bin:/usr/sbin:/sbin:/usr/local/go/bin:/usr/texbin:/Library/apache-ant-1.9.4/bin:/Users/SuelenGC/Documents/devtools/apache-maven-3.2.1/bin:GCC49/bin:/usr/local/go/bin:/Users/SuelenGC/.rvm/bin:/usr/local/var/postgres:/Users/SuelenGC/Library/Android/sdk/tools, IRBRC=/Users/SuelenGC/.rvm/rubies/ruby-2.2.2/.irbrc, GREP_OPTIONS=--color=auto, ANDROID_HOME=/Users/SuelenGC/Library/Android/sdk, LOGNAME=SuelenGC, rvm_version=1.26.11 (latest), PWD=/Users/SuelenGC/HelloWorldPhoneGap, TERM_PROGRAM_VERSION=343.7, SHELL=/usr/local/zsh, MY_RUBY_HOME=/Users/SuelenGC/.rvm/rubies/ruby-2.2.2, GOPATH=/Users/SuelenGC/works, GCC49=/usr/local/Cellar/gcc/4.9.2_1, OLDPWD=/Users/SuelenGC/HelloWorldPhoneGap/platforms/android, GEM_HOME=/Users/SuelenGC/.rvm/gems/ruby-2.2.2, PGDATA=/usr/local/var/postgres, rvm_path=/Users/SuelenGC/.rvm, TMPDIR=/var/folders/96/bw2v139104d8714hmd_dys8c0000gn/T/, RUBY_VERSION=ruby-2.2.2, XPC_FLAGS=0x0, TERM_SESSION_ID=37E297E0-4CF2-4126-9934-117B070235B1, _system_name=OSX, M2_HOME=/Users/SuelenGC/Documents/devtools/apache-maven-3.2.1, __CF_USER_TEXT_ENCODING=0x1F5:0x0:0x0, Apple_PubSub_Socket_Render=/private/tmp/com.apple.launchd.B85P8roz0i/Render, SHLVL=1, USER_HOME=/Users/SuelenGC/, _system_arch=x86_64, rvm_bin_path=/Users/SuelenGC/.rvm/bin, GREP_COLOR=4;33, JAVA_HOME=/Library/Java/JavaVirtualMachines/jdk1.8.0_11.jdk/Contents/Home, TERM=xterm-256color, rvm_prefix=/Users/SuelenGC, LANG=en_US.UTF-8, ANT_HOME=/Library/Ant-1.9.3, APP_NAME_81588=Gradle, GRADLE_USER_HOME=USER_HOME/.gradle, XPC_SERVICE_NAME=0, TERM_PROGRAM=Apple_Terminal, LSCOLORS=GxFxCxDxBxegedabagacad, _system_type=Darwin, _system_version=10.10, USER=SuelenGC, CLICOLOR=1, JAVA_MAIN_CLASS_81588=org.gradle.wrapper.GradleWrapperMain, SSH_AUTH_SOCK=/private/tmp/com.apple.launchd.aAZ8K0do3a/Listeners, EDITOR=vim, GEM_PATH=/Users/SuelenGC/.rvm/gems/ruby-2.2.2:/Users/SuelenGC/.rvm/gems/ruby-2.2.2@global, APP_ICON_81588=/Users/SuelenGC/HelloWorldPhoneGap/platforms/android/media/gradle.icns, HOME=/Users/SuelenGC}
18:09:04.362 [INFO] [org.gradle.launcher.daemon.server.exec.LogToClient] About to start relaying all logs to the client via the connection.
18:09:04.362 [INFO] [org.gradle.launcher.daemon.server.exec.LogToClient] The client will now receive all logging from the daemon (pid: 81594). The daemon log file: /Users/SuelenGC/HelloWorldPhoneGap/USER_HOME/.gradle/daemon/2.2.1/daemon-81594.out.log
18:09:04.367 [DEBUG] [org.gradle.launcher.daemon.server.exec.ExecuteBuild] The daemon has started executing the build.
18:09:04.367 [INFO] [org.gradle.launcher.daemon.server.exec.ExecuteBuild] Executing build with daemon context: DefaultDaemonContext[uid=0922bced-18af-42fc-95cb-569dbc436a14,javaHome=/Library/Java/JavaVirtualMachines/jdk1.8.0_11.jdk/Contents/Home,daemonRegistryDir=/Users/SuelenGC/HelloWorldPhoneGap/USER_HOME/.gradle/daemon,pid=81594,idleTimeout=10800000,daemonOpts=-XX:MaxPermSize=256m,-XX:+HeapDumpOnOutOfMemoryError,-Xmx1024m,-Dfile.encoding=UTF-8,-Duser.country=US,-Duser.language=en,-Duser.variant]
18:09:05.037 [DEBUG] [org.gradle.internal.resource.transport.http.JavaSystemPropertiesHttpProxySettings] Found java system property 'http.nonProxyHosts': local|*.local|169.254/16|*.169.254/16. Will ignore proxy settings for these hosts.
:preBuild UP-TO-DATE
:preDebugBuild UP-TO-DATE
:checkDebugManifest
:CordovaLib:preBuild UP-TO-DATE
:CordovaLib:preDebugBuild UP-TO-DATE
:CordovaLib:compileDebugNdk UP-TO-DATE
:CordovaLib:compileLint
:CordovaLib:copyDebugLint UP-TO-DATE
:CordovaLib:mergeDebugProguardFiles UP-TO-DATE
:CordovaLib:packageDebugRenderscript UP-TO-DATE
:CordovaLib:checkDebugManifest
:CordovaLib:prepareDebugDependencies
:CordovaLib:compileDebugRenderscript UP-TO-DATE
:CordovaLib:generateDebugResValues UP-TO-DATE
:CordovaLib:generateDebugResources UP-TO-DATE
:CordovaLib:packageDebugResources UP-TO-DATE
:CordovaLib:compileDebugAidl UP-TO-DATE
:CordovaLib:generateDebugBuildConfig UP-TO-DATE
:CordovaLib:generateDebugAssets UP-TO-DATE
:CordovaLib:mergeDebugAssets UP-TO-DATE
:CordovaLib:processDebugManifest UP-TO-DATE
:CordovaLib:processDebugResources UP-TO-DATE
:CordovaLib:generateDebugSources UP-TO-DATE
:CordovaLib:compileDebugJavaWithJavac UP-TO-DATE
:CordovaLib:processDebugJavaRes UP-TO-DATE
:CordovaLib:transformResourcesWithMergeJavaResForDebug UP-TO-DATE
:CordovaLib:transformClassesAndResourcesWithSyncLibJarsForDebug UP-TO-DATE
:CordovaLib:mergeDebugJniLibFolders UP-TO-DATE
:CordovaLib:transformNative_libsWithMergeJniLibsForDebug UP-TO-DATE
:CordovaLib:transformNative_libsWithSyncJniLibsForDebug UP-TO-DATE
:CordovaLib:bundleDebug UP-TO-DATE
:prepareAndroidCordovaLibUnspecifiedDebugLibrary UP-TO-DATE
:prepareDebugDependencies
:compileDebugAidl UP-TO-DATE
:compileDebugRenderscript
:generateDebugBuildConfig UP-TO-DATE
:generateDebugAssets UP-TO-DATE
:mergeDebugAssets
:generateDebugResValues UP-TO-DATE
:generateDebugResources
:mergeDebugResources
:processDebugManifest
:processDebugResources
:generateDebugSources
:compileDebugJavaWithJavacNote: /Users/SuelenGC/HelloWorldPhoneGap/platforms/android/src/org/apache/cordova/dialogs/Notification.java uses or overrides a deprecated API.
Note: Recompile with -Xlint:deprecation for details.

:compileDebugNdk UP-TO-DATE
:compileDebugSources
:transformClassesWithDexForDebug
:mergeDebugJniLibFolders UP-TO-DATE
:transformNative_libsWithMergeJniLibsForDebug UP-TO-DATE
:processDebugJavaRes UP-TO-DATE
:transformResourcesWithMergeJavaResForDebug UP-TO-DATE
:validateDebugSigning
:packageDebug
:zipalignDebug
:assembleDebug
:cdvBuildDebug

BUILD SUCCESSFUL

Total time: 27.986 secs
18:09:30.284 [DEBUG] [org.gradle.cache.internal.DefaultCacheAccess] Cache Plugin Resolution Cache (/Users/SuelenGC/HelloWorldPhoneGap/USER_HOME/.gradle/caches/2.2.1/plugin-resolution) was closed 0 times.
18:09:30.285 [DEBUG] [org.gradle.cache.internal.DefaultFileLockManager] Releasing lock on buildscript class cache for settings file '/Users/SuelenGC/HelloWorldPhoneGap/platforms/android/settings.gradle' (/Users/SuelenGC/HelloWorldPhoneGap/USER_HOME/.gradle/caches/2.2.1/scripts/settings_p3twwe4zw2nx1duybzr6lsjs/SettingsScript/buildscript).
18:09:30.286 [DEBUG] [org.gradle.cache.internal.DefaultFileLockManager] Releasing lock on no_buildscript class cache for settings file '/Users/SuelenGC/HelloWorldPhoneGap/platforms/android/settings.gradle' (/Users/SuelenGC/HelloWorldPhoneGap/USER_HOME/.gradle/caches/2.2.1/scripts/settings_p3twwe4zw2nx1duybzr6lsjs/SettingsScript/no_buildscript).
18:09:30.287 [DEBUG] [org.gradle.cache.internal.DefaultFileLockManager] Releasing lock on buildscript class cache for build file '/Users/SuelenGC/HelloWorldPhoneGap/platforms/android/build.gradle' (/Users/SuelenGC/HelloWorldPhoneGap/USER_HOME/.gradle/caches/2.2.1/scripts/build_d2gg9vqtu1wkl8apjd2nvm8zr/ProjectScript/buildscript).
18:09:30.288 [DEBUG] [org.gradle.cache.internal.DefaultFileLockManager] Releasing lock on no_buildscript class cache for build file '/Users/SuelenGC/HelloWorldPhoneGap/platforms/android/build.gradle' (/Users/SuelenGC/HelloWorldPhoneGap/USER_HOME/.gradle/caches/2.2.1/scripts/build_d2gg9vqtu1wkl8apjd2nvm8zr/ProjectScript/no_buildscript).
18:09:30.288 [DEBUG] [org.gradle.cache.internal.DefaultFileLockManager] Releasing lock on buildscript class cache for script '/Users/SuelenGC/HelloWorldPhoneGap/platforms/android/CordovaLib/cordova.gradle' (/Users/SuelenGC/HelloWorldPhoneGap/USER_HOME/.gradle/caches/2.2.1/scripts/cordova_1ibchojqtalcl5stsaxw02s1i/DefaultScript/buildscript).
18:09:30.289 [DEBUG] [org.gradle.cache.internal.DefaultFileLockManager] Releasing lock on no_buildscript class cache for script '/Users/SuelenGC/HelloWorldPhoneGap/platforms/android/CordovaLib/cordova.gradle' (/Users/SuelenGC/HelloWorldPhoneGap/USER_HOME/.gradle/caches/2.2.1/scripts/cordova_1ibchojqtalcl5stsaxw02s1i/DefaultScript/no_buildscript).
18:09:30.289 [DEBUG] [org.gradle.cache.internal.DefaultFileLockManager] Releasing lock on buildscript class cache for build file '/Users/SuelenGC/HelloWorldPhoneGap/platforms/android/CordovaLib/build.gradle' (/Users/SuelenGC/HelloWorldPhoneGap/USER_HOME/.gradle/caches/2.2.1/scripts/build_bo72d2940or76vyh5za4zsnp/ProjectScript/buildscript).
18:09:30.290 [DEBUG] [org.gradle.cache.internal.DefaultFileLockManager] Releasing lock on no_buildscript class cache for build file '/Users/SuelenGC/HelloWorldPhoneGap/platforms/android/CordovaLib/build.gradle' (/Users/SuelenGC/HelloWorldPhoneGap/USER_HOME/.gradle/caches/2.2.1/scripts/build_bo72d2940or76vyh5za4zsnp/ProjectScript/no_buildscript).
18:09:30.291 [DEBUG] [org.gradle.cache.internal.btree.BTreePersistentIndexedCache] Closing cache module-metadata.bin (/Users/SuelenGC/HelloWorldPhoneGap/USER_HOME/.gradle/caches/modules-2/metadata-2.14/module-metadata.bin)
18:09:30.292 [DEBUG] [org.gradle.cache.internal.btree.BTreePersistentIndexedCache] Closing cache artifact-at-repository.bin (/Users/SuelenGC/HelloWorldPhoneGap/USER_HOME/.gradle/caches/modules-2/metadata-2.14/artifact-at-repository.bin)
18:09:30.292 [DEBUG] [org.gradle.cache.internal.DefaultFileLockManager] Releasing lock on artifact cache (/Users/SuelenGC/HelloWorldPhoneGap/USER_HOME/.gradle/caches/modules-2).
18:09:30.293 [DEBUG] [org.gradle.api.internal.tasks.compile.daemon.CompilerDaemonManager] Stopping 0 compiler daemon(s).
18:09:30.294 [INFO] [org.gradle.api.internal.tasks.compile.daemon.CompilerDaemonManager] Stopped 0 compiler daemon(s).
18:09:30.314 [DEBUG] [org.gradle.cache.internal.btree.BTreePersistentIndexedCache] Closing cache fileSnapshots.bin (/Users/SuelenGC/HelloWorldPhoneGap/platforms/android/.gradle/2.2.1/taskArtifacts/fileSnapshots.bin)
18:09:30.316 [DEBUG] [org.gradle.cache.internal.btree.BTreePersistentIndexedCache] Closing cache outputFileStates.bin (/Users/SuelenGC/HelloWorldPhoneGap/platforms/android/.gradle/2.2.1/taskArtifacts/outputFileStates.bin)
18:09:30.317 [DEBUG] [org.gradle.cache.internal.btree.BTreePersistentIndexedCache] Closing cache fileHashes.bin (/Users/SuelenGC/HelloWorldPhoneGap/platforms/android/.gradle/2.2.1/taskArtifacts/fileHashes.bin)
18:09:30.317 [DEBUG] [org.gradle.cache.internal.btree.BTreePersistentIndexedCache] Closing cache taskArtifacts.bin (/Users/SuelenGC/HelloWorldPhoneGap/platforms/android/.gradle/2.2.1/taskArtifacts/taskArtifacts.bin)
18:09:30.318 [DEBUG] [org.gradle.cache.internal.DefaultFileLockManager] Releasing lock on task history cache (/Users/SuelenGC/HelloWorldPhoneGap/platforms/android/.gradle/2.2.1/taskArtifacts).
18:09:30.319 [DEBUG] [org.gradle.api.internal.artifacts.ivyservice.ivyresolve.memcache.InMemoryCachedRepositoryFactory] In-memory dependency metadata cache closed. Repos cached: 14, cache instances: 3, modules served from cache: 53, artifacts: 53
18:09:30.325 [DEBUG] [org.gradle.api.internal.artifacts.ivyservice.resolveengine.store.CachedStoreFactory] Resolution result cache closed. Cache reads: 0, disk reads: 4 (avg: 0.006 secs, total: 0.024 secs)
18:09:30.326 [DEBUG] [org.gradle.api.internal.artifacts.ivyservice.resolveengine.store.CachedStoreFactory] Resolved configuration cache closed. Cache reads: 0, disk reads: 0 (avg: 0.0 secs, total: 0.0 secs)
18:09:30.327 [DEBUG] [org.gradle.api.internal.artifacts.ivyservice.resolveengine.store.ResolutionResultsStoreFactory] Deleted 2 resolution results binary files in 0.002 secs
18:09:30.328 [DEBUG] [org.gradle.launcher.daemon.server.exec.ExecuteBuild] The daemon has finished executing the build.
18:09:30.648 [DEBUG] [org.gradle.launcher.daemon.server.DaemonStateCoordinator] Daemon is busy, sleeping until state changes.
18:09:30.649 [DEBUG] [org.gradle.launcher.daemon.server.DaemonStateCoordinator] Command execution: finished waiting for DaemonCommandExecution[command = Build{id=2179318e-93a8-4088-8566-9ffa89fe77ee.1, currentDir=/Users/SuelenGC/HelloWorldPhoneGap}, connection = org.gradle.launcher.daemon.server.DefaultDaemonConnection@312b1288]. Result org.gradle.launcher.daemon.server.DaemonStateCoordinator@591de64c with state Running
18:09:30.649 [DEBUG] [org.gradle.launcher.daemon.server.DaemonStateCoordinator] Command execution: completed DaemonCommandExecution[command = Build{id=2179318e-93a8-4088-8566-9ffa89fe77ee.1, currentDir=/Users/SuelenGC/HelloWorldPhoneGap}, connection = org.gradle.launcher.daemon.server.DefaultDaemonConnection@312b1288]
18:09:30.650 [DEBUG] [org.gradle.launcher.daemon.server.DaemonStateCoordinator] updating lastActivityAt to 1474405770650
18:09:30.650 [INFO] [org.gradle.launcher.daemon.server.DomainRegistryUpdater] Marking the daemon as idle, address: [4e55254f-4c93-4afa-a1fc-d8029e0e1e26 port:64037, addresses:[/0:0:0:0:0:0:0:1, /127.0.0.1]]
18:09:30.651 [DEBUG] [org.gradle.launcher.daemon.registry.PersistentDaemonRegistry] Marking idle by address: [4e55254f-4c93-4afa-a1fc-d8029e0e1e26 port:64037, addresses:[/0:0:0:0:0:0:0:1, /127.0.0.1]]
18:09:30.652 [DEBUG] [org.gradle.cache.internal.DefaultFileLockManager] Waiting to acquire exclusive lock on daemon addresses registry.
18:09:30.653 [DEBUG] [org.gradle.cache.internal.DefaultFileLockManager] Lock acquired.
18:09:30.655 [DEBUG] [org.gradle.cache.internal.DefaultFileLockManager] Releasing lock on daemon addresses registry.
18:09:30.656 [DEBUG] [org.gradle.launcher.daemon.server.DaemonStateCoordinator] Daemon is idle, sleeping until state change or idle timeout at Tue Sep 20 21:09:30 BRT 2016
18:09:30.657 [DEBUG] [org.gradle.launcher.daemon.server.exec.ReturnResult] Daemon is dispatching the build result: DaemonCommandResult[type=Success, value=null]
18:09:30.657 [DEBUG] [org.gradle.launcher.daemon.server.SynchronizedDispatchConnection] thread 13: dispatching class org.gradle.launcher.daemon.protocol.Success
18:09:30.659 [DEBUG] [org.gradle.launcher.daemon.server.DefaultIncomingConnectionHandler] Finishing executing command: Build{id=2179318e-93a8-4088-8566-9ffa89fe77ee.1, currentDir=/Users/SuelenGC/HelloWorldPhoneGap}
18:09:30.667 [DEBUG] [org.gradle.launcher.daemon.server.SynchronizedDispatchConnection] thread 14: received class org.gradle.launcher.daemon.protocol.CloseInput
18:09:30.668 [DEBUG] [org.gradle.launcher.daemon.server.DefaultDaemonConnection] Received IO message from client: CloseInput[id=2179318e-93a8-4088-8566-9ffa89fe77ee.2]
18:09:30.669 [DEBUG] [org.gradle.launcher.daemon.server.SynchronizedDispatchConnection] thread 14: received class org.gradle.launcher.daemon.protocol.Finished
18:09:30.670 [DEBUG] [org.gradle.launcher.daemon.server.DefaultDaemonConnection] Received non-IO message from client: org.gradle.launcher.daemon.protocol.Finished@7e857fce
18:09:30.670 [DEBUG] [org.gradle.launcher.daemon.server.DefaultIncomingConnectionHandler] Received finished message: org.gradle.launcher.daemon.protocol.Finished@7e857fce
18:09:30.670 [DEBUG] [org.gradle.launcher.daemon.server.SynchronizedDispatchConnection] thread 14: received null
18:09:30.671 [DEBUG] [org.gradle.launcher.daemon.server.SynchronizedDispatchConnection] thread 13: stopping connection
18:09:30.671 [DEBUG] [org.gradle.launcher.daemon.server.DefaultDaemonConnection] Received end-of-input from client.
18:09:30.673 [DEBUG] [org.gradle.launcher.daemon.server.SynchronizedDispatchConnection] thread 13: stopping connection
18:27:43.652 [DEBUG] [org.gradle.launcher.daemon.registry.PersistentDaemonRegistry] Removing daemon address: [4e55254f-4c93-4afa-a1fc-d8029e0e1e26 port:64037, addresses:[/0:0:0:0:0:0:0:1, /127.0.0.1]]
Daemon vm is shutting down... The daemon has exited normally or was terminated in response to a user interrupt.
18:27:43.653 [DEBUG] [org.gradle.cache.internal.DefaultFileLockManager] Waiting to acquire exclusive lock on daemon addresses registry.
18:27:43.653 [DEBUG] [org.gradle.cache.internal.DefaultFileLockManager] Lock acquired.
18:27:43.656 [DEBUG] [org.gradle.cache.internal.DefaultFileLockManager] Releasing lock on daemon addresses registry.
